<?xml version="1.0" encoding="UTF-8"?>
<testsuite xmlns:xsi="http://www.w3.org/2001/XMLSchema-instance" xsi:noNamespaceSchemaLocation="https://maven.apache.org/surefire/maven-surefire-plugin/xsd/surefire-test-report-3.0.xsd" version="3.0" name="com.my.group.drtamiproject.application.components.samplecomponent.SampleComponentTest" time="2.754" tests="3" errors="0" skipped="0" failures="0">
  <properties>
    <property name="awt.toolkit" value="sun.awt.X11.XToolkit"/>
    <property name="java.specification.version" value="11"/>
    <property name="sun.cpu.isalist" value=""/>
    <property name="sun.jnu.encoding" value="UTF-8"/>
    <property name="java.class.path" value="/home/ashley/Kestros/my-kestros-project/application/target/test-classes:/home/ashley/Kestros/my-kestros-project/application/target/classes:/home/ashley/.m2/repository/io/kestros/cms/kestros-component-types-api/0.0.6/kestros-component-types-api-0.0.6.jar:/home/ashley/.m2/repository/org/apache/sling/org.apache.sling.servlets.annotations/1.2.4/org.apache.sling.servlets.annotations-1.2.4.jar:/home/ashley/.m2/repository/org/apache/sling/org.apache.sling.scripting.sightly.compiler.java/1.0.26-1.4.0/org.apache.sling.scripting.sightly.compiler.java-1.0.26-1.4.0.jar:/home/ashley/.m2/repository/io/kestros/cms/kestros-site-building-api/0.0.4/kestros-site-building-api-0.0.4.jar:/home/ashley/Kestros/my-kestros-project/api/target/my-kestros-project-api-1.0.0-SNAPSHOT.jar:/home/ashley/.m2/repository/io/kestros/cms/kestros-user-foundation/0.2.1/kestros-user-foundation-0.2.1.jar:/home/ashley/.m2/repository/io/kestros/cms/kestros-modeltypes/0.0.2/kestros-modeltypes-0.0.2.jar:/home/ashley/.m2/repository/io/kestros/cms/kestros-filetypes/0.0.2/kestros-filetypes-0.0.2.jar:/home/ashley/.m2/repository/io/kestros/cms/kestros-managed-versions-api/0.0.2/kestros-managed-versions-api-0.0.2.jar:/home/ashley/.m2/repository/io/kestros/cms/kestros-performance-services-api/0.0.2/kestros-performance-services-api-0.0.2.jar:/home/ashley/.m2/repository/io/kestros/cms/kestros-ui-frameworks-api/0.0.3/kestros-ui-frameworks-api-0.0.3.jar:/home/ashley/.m2/repository/io/kestros/commons/kestros-structured-sling-models/0.2.2/kestros-structured-sling-models-0.2.2.jar:/home/ashley/.m2/repository/io/kestros/commons/kestros-osgi-service-utils/0.1.5/kestros-osgi-service-utils-0.1.5.jar:/home/ashley/.m2/repository/io/kestros/commons/kestros-validation-api/0.0.4/kestros-validation-api-0.0.4.jar:/home/ashley/.m2/repository/io/kestros/commons/kestros-sling-ui-libraries-api/0.0.3/kestros-sling-ui-libraries-api-0.0.3.jar:/home/ashley/.m2/repository/de/inetsoftware/jlessc/1.10/jlessc-1.10.jar:/home/ashley/.m2/repository/com/yahoo/platform/yui/yuicompressor/2.4.8/yuicompressor-2.4.8.jar:/home/ashley/.m2/repository/rhino/js/1.7R2/js-1.7R2.jar:/home/ashley/.m2/repository/io/kestros/commons/kestros-sling-ui-libraries-base-compilers/0.0.3/kestros-sling-ui-libraries-base-compilers-0.0.3.jar:/home/ashley/.m2/repository/javax/annotation/javax.annotation-api/1.2/javax.annotation-api-1.2.jar:/home/ashley/.m2/repository/org/osgi/osgi.core/7.0.0/osgi.core-7.0.0.jar:/home/ashley/.m2/repository/org/osgi/osgi.cmpn/7.0.0/osgi.cmpn-7.0.0.jar:/home/ashley/.m2/repository/org/osgi/osgi.annotation/7.0.0/osgi.annotation-7.0.0.jar:/home/ashley/.m2/repository/com/fasterxml/jackson/core/jackson-databind/2.9.9/jackson-databind-2.9.9.jar:/home/ashley/.m2/repository/com/fasterxml/jackson/core/jackson-annotations/2.9.0/jackson-annotations-2.9.0.jar:/home/ashley/.m2/repository/com/fasterxml/jackson/core/jackson-core/2.9.9/jackson-core-2.9.9.jar:/home/ashley/.m2/repository/com/google/code/findbugs/annotations/3.0.0/annotations-3.0.0.jar:/home/ashley/.m2/repository/org/slf4j/slf4j-api/1.7.30/slf4j-api-1.7.30.jar:/home/ashley/.m2/repository/org/apache/sling/org.apache.sling.models.api/1.3.6/org.apache.sling.models.api-1.3.6.jar:/home/ashley/.m2/repository/org/apache/sling/org.apache.sling.models.impl/1.4.10/org.apache.sling.models.impl-1.4.10.jar:/home/ashley/.m2/repository/org/apache/sling/org.apache.sling.event.api/1.0.0/org.apache.sling.event.api-1.0.0.jar:/home/ashley/.m2/repository/org/apache/sling/org.apache.sling.commons.log/5.0.0/org.apache.sling.commons.log-5.0.0.jar:/home/ashley/.m2/repository/ch/qos/logback/logback-classic/1.1.7/logback-classic-1.1.7.jar:/home/ashley/.m2/repository/ch/qos/logback/logback-core/1.1.7/logback-core-1.1.7.jar:/home/ashley/.m2/repository/org/apache/felix/org.apache.felix.healthcheck.api/2.0.2/org.apache.felix.healthcheck.api-2.0.2.jar:/home/ashley/.m2/repository/org/apache/felix/org.apache.felix.healthcheck.annotation/2.0.0/org.apache.felix.healthcheck.annotation-2.0.0.jar:/home/ashley/.m2/repository/junit/junit/4.12/junit-4.12.jar:/home/ashley/.m2/repository/org/hamcrest/hamcrest-core/1.3/hamcrest-core-1.3.jar:/home/ashley/.m2/repository/org/mockito/mockito-core/2.23.0/mockito-core-2.23.0.jar:/home/ashley/.m2/repository/net/bytebuddy/byte-buddy/1.9.0/byte-buddy-1.9.0.jar:/home/ashley/.m2/repository/net/bytebuddy/byte-buddy-agent/1.9.0/byte-buddy-agent-1.9.0.jar:/home/ashley/.m2/repository/org/objenesis/objenesis/2.6/objenesis-2.6.jar:/home/ashley/.m2/repository/org/apache/sling/org.apache.sling.testing.sling-mock.junit4/2.3.10/org.apache.sling.testing.sling-mock.junit4-2.3.10.jar:/home/ashley/.m2/repository/org/apache/sling/org.apache.sling.testing.sling-mock.core/2.3.10/org.apache.sling.testing.sling-mock.core-2.3.10.jar:/home/ashley/.m2/repository/org/apache/sling/org.apache.sling.testing.osgi-mock.core/2.4.8/org.apache.sling.testing.osgi-mock.core-2.4.8.jar:/home/ashley/.m2/repository/com/google/guava/guava/15.0/guava-15.0.jar:/home/ashley/.m2/repository/org/apache/commons/commons-lang3/3.3.2/commons-lang3-3.3.2.jar:/home/ashley/.m2/repository/org/reflections/reflections/0.9.9/reflections-0.9.9.jar:/home/ashley/.m2/repository/org/javassist/javassist/3.18.2-GA/javassist-3.18.2-GA.jar:/home/ashley/.m2/repository/org/apache/sling/org.apache.sling.testing.jcr-mock/1.4.4/org.apache.sling.testing.jcr-mock-1.4.4.jar:/home/ashley/.m2/repository/org/apache/jackrabbit/jackrabbit-jcr-commons/2.8.0/jackrabbit-jcr-commons-2.8.0.jar:/home/ashley/.m2/repository/org/apache/sling/org.apache.sling.testing.resourceresolver-mock/1.1.24/org.apache.sling.testing.resourceresolver-mock-1.1.24.jar:/home/ashley/.m2/repository/org/apache/sling/org.apache.sling.servlet-helpers/1.1.10/org.apache.sling.servlet-helpers-1.1.10.jar:/home/ashley/.m2/repository/org/apache/sling/org.apache.sling.commons.osgi/2.4.0/org.apache.sling.commons.osgi-2.4.0.jar:/home/ashley/.m2/repository/org/apache/sling/org.apache.sling.api/2.11.0/org.apache.sling.api-2.11.0.jar:/home/ashley/.m2/repository/org/apache/sling/org.apache.sling.resourceresolver/1.4.8/org.apache.sling.resourceresolver-1.4.8.jar:/home/ashley/.m2/repository/org/apache/sling/org.apache.sling.serviceusermapper/1.0.0/org.apache.sling.serviceusermapper-1.0.0.jar:/home/ashley/.m2/repository/org/apache/sling/org.apache.sling.jcr.api/2.3.0/org.apache.sling.jcr.api-2.3.0.jar:/home/ashley/.m2/repository/org/apache/sling/org.apache.sling.jcr.resource/2.7.4/org.apache.sling.jcr.resource-2.7.4.jar:/home/ashley/.m2/repository/org/apache/sling/org.apache.sling.scripting.api/2.1.8/org.apache.sling.scripting.api-2.1.8.jar:/home/ashley/.m2/repository/org/apache/sling/org.apache.sling.scripting.core/2.0.36/org.apache.sling.scripting.core-2.0.36.jar:/home/ashley/.m2/repository/org/apache/sling/org.apache.sling.commons.mime/2.1.8/org.apache.sling.commons.mime-2.1.8.jar:/home/ashley/.m2/repository/org/apache/sling/org.apache.sling.jcr.contentparser/1.2.6/org.apache.sling.jcr.contentparser-1.2.6.jar:/home/ashley/.m2/repository/org/apache/jackrabbit/vault/org.apache.jackrabbit.vault/3.1.18/org.apache.jackrabbit.vault-3.1.18.jar:/home/ashley/.m2/repository/org/apache/johnzon/johnzon-core/1.0.0/johnzon-core-1.0.0.jar:/home/ashley/.m2/repository/org/apache/sling/org.apache.sling.commons.classloader/1.3.2/org.apache.sling.commons.classloader-1.3.2.jar:/home/ashley/.m2/repository/org/apache/sling/org.apache.sling.settings/1.3.8/org.apache.sling.settings-1.3.8.jar:/home/ashley/.m2/repository/org/apache/sling/org.apache.sling.i18n/2.4.4/org.apache.sling.i18n-2.4.4.jar:/home/ashley/.m2/repository/org/apache/sling/org.apache.sling.adapter/2.1.6/org.apache.sling.adapter-2.1.6.jar:/home/ashley/.m2/repository/org/apache/sling/org.apache.sling.resourcebuilder/1.0.4/org.apache.sling.resourcebuilder-1.0.4.jar:/home/ashley/.m2/repository/org/apache/jackrabbit/jackrabbit-api/2.11.3/jackrabbit-api-2.11.3.jar:/home/ashley/.m2/repository/commons-collections/commons-collections/3.2.2/commons-collections-3.2.2.jar:/home/ashley/.m2/repository/commons-io/commons-io/2.4/commons-io-2.4.jar:/home/ashley/.m2/repository/commons-lang/commons-lang/2.5/commons-lang-2.5.jar:/home/ashley/.m2/repository/commons-beanutils/commons-beanutils/1.8.3/commons-beanutils-1.8.3.jar:/home/ashley/.m2/repository/commons-logging/commons-logging/1.1.1/commons-logging-1.1.1.jar:/home/ashley/.m2/repository/org/apache/geronimo/specs/geronimo-atinject_1.0_spec/1.0/geronimo-atinject_1.0_spec-1.0.jar:/home/ashley/.m2/repository/org/apache/geronimo/specs/geronimo-json_1.1_spec/1.0/geronimo-json_1.1_spec-1.0.jar:/home/ashley/.m2/repository/org/apache/sling/org.apache.sling.testing.osgi-mock.junit4/2.4.8/org.apache.sling.testing.osgi-mock.junit4-2.4.8.jar:/home/ashley/.m2/repository/org/apache/sling/org.apache.sling.testing.sling-mock-oak/2.1.0/org.apache.sling.testing.sling-mock-oak-2.1.0.jar:/home/ashley/.m2/repository/javax/jcr/jcr/2.0/jcr-2.0.jar:/home/ashley/.m2/repository/javax/servlet/javax.servlet-api/3.1.0/javax.servlet-api-3.1.0.jar:"/>
    <property name="java.vm.vendor" value="Ubuntu"/>
    <property name="sun.arch.data.model" value="64"/>
    <property name="java.vendor.url" value="https://ubuntu.com/"/>
    <property name="user.timezone" value=""/>
    <property name="java.vm.specification.version" value="11"/>
    <property name="os.name" value="Linux"/>
    <property name="sun.java.launcher" value="SUN_STANDARD"/>
    <property name="sun.boot.library.path" value="/usr/lib/jvm/java-11-openjdk-amd64/lib"/>
    <property name="sun.java.command" value="/home/ashley/Kestros/my-kestros-project/application/target/surefire/surefirebooter5395431556859394303.jar /home/ashley/Kestros/my-kestros-project/application/target/surefire 2022-01-17T12-24-26_678-jvmRun1 surefire675891672871786708tmp surefire_09157297044194107465tmp"/>
    <property name="jdk.debug" value="release"/>
    <property name="surefire.test.class.path" value="/home/ashley/Kestros/my-kestros-project/application/target/test-classes:/home/ashley/Kestros/my-kestros-project/application/target/classes:/home/ashley/.m2/repository/io/kestros/cms/kestros-component-types-api/0.0.6/kestros-component-types-api-0.0.6.jar:/home/ashley/.m2/repository/org/apache/sling/org.apache.sling.servlets.annotations/1.2.4/org.apache.sling.servlets.annotations-1.2.4.jar:/home/ashley/.m2/repository/org/apache/sling/org.apache.sling.scripting.sightly.compiler.java/1.0.26-1.4.0/org.apache.sling.scripting.sightly.compiler.java-1.0.26-1.4.0.jar:/home/ashley/.m2/repository/io/kestros/cms/kestros-site-building-api/0.0.4/kestros-site-building-api-0.0.4.jar:/home/ashley/Kestros/my-kestros-project/api/target/my-kestros-project-api-1.0.0-SNAPSHOT.jar:/home/ashley/.m2/repository/io/kestros/cms/kestros-user-foundation/0.2.1/kestros-user-foundation-0.2.1.jar:/home/ashley/.m2/repository/io/kestros/cms/kestros-modeltypes/0.0.2/kestros-modeltypes-0.0.2.jar:/home/ashley/.m2/repository/io/kestros/cms/kestros-filetypes/0.0.2/kestros-filetypes-0.0.2.jar:/home/ashley/.m2/repository/io/kestros/cms/kestros-managed-versions-api/0.0.2/kestros-managed-versions-api-0.0.2.jar:/home/ashley/.m2/repository/io/kestros/cms/kestros-performance-services-api/0.0.2/kestros-performance-services-api-0.0.2.jar:/home/ashley/.m2/repository/io/kestros/cms/kestros-ui-frameworks-api/0.0.3/kestros-ui-frameworks-api-0.0.3.jar:/home/ashley/.m2/repository/io/kestros/commons/kestros-structured-sling-models/0.2.2/kestros-structured-sling-models-0.2.2.jar:/home/ashley/.m2/repository/io/kestros/commons/kestros-osgi-service-utils/0.1.5/kestros-osgi-service-utils-0.1.5.jar:/home/ashley/.m2/repository/io/kestros/commons/kestros-validation-api/0.0.4/kestros-validation-api-0.0.4.jar:/home/ashley/.m2/repository/io/kestros/commons/kestros-sling-ui-libraries-api/0.0.3/kestros-sling-ui-libraries-api-0.0.3.jar:/home/ashley/.m2/repository/de/inetsoftware/jlessc/1.10/jlessc-1.10.jar:/home/ashley/.m2/repository/com/yahoo/platform/yui/yuicompressor/2.4.8/yuicompressor-2.4.8.jar:/home/ashley/.m2/repository/rhino/js/1.7R2/js-1.7R2.jar:/home/ashley/.m2/repository/io/kestros/commons/kestros-sling-ui-libraries-base-compilers/0.0.3/kestros-sling-ui-libraries-base-compilers-0.0.3.jar:/home/ashley/.m2/repository/javax/annotation/javax.annotation-api/1.2/javax.annotation-api-1.2.jar:/home/ashley/.m2/repository/org/osgi/osgi.core/7.0.0/osgi.core-7.0.0.jar:/home/ashley/.m2/repository/org/osgi/osgi.cmpn/7.0.0/osgi.cmpn-7.0.0.jar:/home/ashley/.m2/repository/org/osgi/osgi.annotation/7.0.0/osgi.annotation-7.0.0.jar:/home/ashley/.m2/repository/com/fasterxml/jackson/core/jackson-databind/2.9.9/jackson-databind-2.9.9.jar:/home/ashley/.m2/repository/com/fasterxml/jackson/core/jackson-annotations/2.9.0/jackson-annotations-2.9.0.jar:/home/ashley/.m2/repository/com/fasterxml/jackson/core/jackson-core/2.9.9/jackson-core-2.9.9.jar:/home/ashley/.m2/repository/com/google/code/findbugs/annotations/3.0.0/annotations-3.0.0.jar:/home/ashley/.m2/repository/org/slf4j/slf4j-api/1.7.30/slf4j-api-1.7.30.jar:/home/ashley/.m2/repository/org/apache/sling/org.apache.sling.models.api/1.3.6/org.apache.sling.models.api-1.3.6.jar:/home/ashley/.m2/repository/org/apache/sling/org.apache.sling.models.impl/1.4.10/org.apache.sling.models.impl-1.4.10.jar:/home/ashley/.m2/repository/org/apache/sling/org.apache.sling.event.api/1.0.0/org.apache.sling.event.api-1.0.0.jar:/home/ashley/.m2/repository/org/apache/sling/org.apache.sling.commons.log/5.0.0/org.apache.sling.commons.log-5.0.0.jar:/home/ashley/.m2/repository/ch/qos/logback/logback-classic/1.1.7/logback-classic-1.1.7.jar:/home/ashley/.m2/repository/ch/qos/logback/logback-core/1.1.7/logback-core-1.1.7.jar:/home/ashley/.m2/repository/org/apache/felix/org.apache.felix.healthcheck.api/2.0.2/org.apache.felix.healthcheck.api-2.0.2.jar:/home/ashley/.m2/repository/org/apache/felix/org.apache.felix.healthcheck.annotation/2.0.0/org.apache.felix.healthcheck.annotation-2.0.0.jar:/home/ashley/.m2/repository/junit/junit/4.12/junit-4.12.jar:/home/ashley/.m2/repository/org/hamcrest/hamcrest-core/1.3/hamcrest-core-1.3.jar:/home/ashley/.m2/repository/org/mockito/mockito-core/2.23.0/mockito-core-2.23.0.jar:/home/ashley/.m2/repository/net/bytebuddy/byte-buddy/1.9.0/byte-buddy-1.9.0.jar:/home/ashley/.m2/repository/net/bytebuddy/byte-buddy-agent/1.9.0/byte-buddy-agent-1.9.0.jar:/home/ashley/.m2/repository/org/objenesis/objenesis/2.6/objenesis-2.6.jar:/home/ashley/.m2/repository/org/apache/sling/org.apache.sling.testing.sling-mock.junit4/2.3.10/org.apache.sling.testing.sling-mock.junit4-2.3.10.jar:/home/ashley/.m2/repository/org/apache/sling/org.apache.sling.testing.sling-mock.core/2.3.10/org.apache.sling.testing.sling-mock.core-2.3.10.jar:/home/ashley/.m2/repository/org/apache/sling/org.apache.sling.testing.osgi-mock.core/2.4.8/org.apache.sling.testing.osgi-mock.core-2.4.8.jar:/home/ashley/.m2/repository/com/google/guava/guava/15.0/guava-15.0.jar:/home/ashley/.m2/repository/org/apache/commons/commons-lang3/3.3.2/commons-lang3-3.3.2.jar:/home/ashley/.m2/repository/org/reflections/reflections/0.9.9/reflections-0.9.9.jar:/home/ashley/.m2/repository/org/javassist/javassist/3.18.2-GA/javassist-3.18.2-GA.jar:/home/ashley/.m2/repository/org/apache/sling/org.apache.sling.testing.jcr-mock/1.4.4/org.apache.sling.testing.jcr-mock-1.4.4.jar:/home/ashley/.m2/repository/org/apache/jackrabbit/jackrabbit-jcr-commons/2.8.0/jackrabbit-jcr-commons-2.8.0.jar:/home/ashley/.m2/repository/org/apache/sling/org.apache.sling.testing.resourceresolver-mock/1.1.24/org.apache.sling.testing.resourceresolver-mock-1.1.24.jar:/home/ashley/.m2/repository/org/apache/sling/org.apache.sling.servlet-helpers/1.1.10/org.apache.sling.servlet-helpers-1.1.10.jar:/home/ashley/.m2/repository/org/apache/sling/org.apache.sling.commons.osgi/2.4.0/org.apache.sling.commons.osgi-2.4.0.jar:/home/ashley/.m2/repository/org/apache/sling/org.apache.sling.api/2.11.0/org.apache.sling.api-2.11.0.jar:/home/ashley/.m2/repository/org/apache/sling/org.apache.sling.resourceresolver/1.4.8/org.apache.sling.resourceresolver-1.4.8.jar:/home/ashley/.m2/repository/org/apache/sling/org.apache.sling.serviceusermapper/1.0.0/org.apache.sling.serviceusermapper-1.0.0.jar:/home/ashley/.m2/repository/org/apache/sling/org.apache.sling.jcr.api/2.3.0/org.apache.sling.jcr.api-2.3.0.jar:/home/ashley/.m2/repository/org/apache/sling/org.apache.sling.jcr.resource/2.7.4/org.apache.sling.jcr.resource-2.7.4.jar:/home/ashley/.m2/repository/org/apache/sling/org.apache.sling.scripting.api/2.1.8/org.apache.sling.scripting.api-2.1.8.jar:/home/ashley/.m2/repository/org/apache/sling/org.apache.sling.scripting.core/2.0.36/org.apache.sling.scripting.core-2.0.36.jar:/home/ashley/.m2/repository/org/apache/sling/org.apache.sling.commons.mime/2.1.8/org.apache.sling.commons.mime-2.1.8.jar:/home/ashley/.m2/repository/org/apache/sling/org.apache.sling.jcr.contentparser/1.2.6/org.apache.sling.jcr.contentparser-1.2.6.jar:/home/ashley/.m2/repository/org/apache/jackrabbit/vault/org.apache.jackrabbit.vault/3.1.18/org.apache.jackrabbit.vault-3.1.18.jar:/home/ashley/.m2/repository/org/apache/johnzon/johnzon-core/1.0.0/johnzon-core-1.0.0.jar:/home/ashley/.m2/repository/org/apache/sling/org.apache.sling.commons.classloader/1.3.2/org.apache.sling.commons.classloader-1.3.2.jar:/home/ashley/.m2/repository/org/apache/sling/org.apache.sling.settings/1.3.8/org.apache.sling.settings-1.3.8.jar:/home/ashley/.m2/repository/org/apache/sling/org.apache.sling.i18n/2.4.4/org.apache.sling.i18n-2.4.4.jar:/home/ashley/.m2/repository/org/apache/sling/org.apache.sling.adapter/2.1.6/org.apache.sling.adapter-2.1.6.jar:/home/ashley/.m2/repository/org/apache/sling/org.apache.sling.resourcebuilder/1.0.4/org.apache.sling.resourcebuilder-1.0.4.jar:/home/ashley/.m2/repository/org/apache/jackrabbit/jackrabbit-api/2.11.3/jackrabbit-api-2.11.3.jar:/home/ashley/.m2/repository/commons-collections/commons-collections/3.2.2/commons-collections-3.2.2.jar:/home/ashley/.m2/repository/commons-io/commons-io/2.4/commons-io-2.4.jar:/home/ashley/.m2/repository/commons-lang/commons-lang/2.5/commons-lang-2.5.jar:/home/ashley/.m2/repository/commons-beanutils/commons-beanutils/1.8.3/commons-beanutils-1.8.3.jar:/home/ashley/.m2/repository/commons-logging/commons-logging/1.1.1/commons-logging-1.1.1.jar:/home/ashley/.m2/repository/org/apache/geronimo/specs/geronimo-atinject_1.0_spec/1.0/geronimo-atinject_1.0_spec-1.0.jar:/home/ashley/.m2/repository/org/apache/geronimo/specs/geronimo-json_1.1_spec/1.0/geronimo-json_1.1_spec-1.0.jar:/home/ashley/.m2/repository/org/apache/sling/org.apache.sling.testing.osgi-mock.junit4/2.4.8/org.apache.sling.testing.osgi-mock.junit4-2.4.8.jar:/home/ashley/.m2/repository/org/apache/sling/org.apache.sling.testing.sling-mock-oak/2.1.0/org.apache.sling.testing.sling-mock-oak-2.1.0.jar:/home/ashley/.m2/repository/javax/jcr/jcr/2.0/jcr-2.0.jar:/home/ashley/.m2/repository/javax/servlet/javax.servlet-api/3.1.0/javax.servlet-api-3.1.0.jar:"/>
    <property name="sun.cpu.endian" value="little"/>
    <property name="user.home" value="/home/ashley"/>
    <property name="user.language" value="en"/>
    <property name="java.specification.vendor" value="Oracle Corporation"/>
    <property name="java.version.date" value="2021-10-19"/>
    <property name="java.home" value="/usr/lib/jvm/java-11-openjdk-amd64"/>
    <property name="file.separator" value="/"/>
    <property name="basedir" value="/home/ashley/Kestros/my-kestros-project/application"/>
    <property name="java.vm.compressedOopsMode" value="32-bit"/>
    <property name="line.separator" value="&#10;"/>
    <property name="java.specification.name" value="Java Platform API Specification"/>
    <property name="java.vm.specification.vendor" value="Oracle Corporation"/>
    <property name="java.awt.graphicsenv" value="sun.awt.X11GraphicsEnvironment"/>
    <property name="surefire.real.class.path" value="/home/ashley/Kestros/my-kestros-project/application/target/surefire/surefirebooter5395431556859394303.jar"/>
    <property name="sun.management.compiler" value="HotSpot 64-Bit Tiered Compilers"/>
    <property name="java.runtime.version" value="11.0.13+8-Ubuntu-0ubuntu1.20.04"/>
    <property name="user.name" value="ashley"/>
    <property name="path.separator" value=":"/>
    <property name="os.version" value="5.10.16.3-microsoft-standard-WSL2"/>
    <property name="java.runtime.name" value="OpenJDK Runtime Environment"/>
    <property name="file.encoding" value="UTF-8"/>
    <property name="java.vm.name" value="OpenJDK 64-Bit Server VM"/>
    <property name="localRepository" value="/home/ashley/.m2/repository"/>
    <property name="java.vendor.url.bug" value="https://bugs.launchpad.net/ubuntu/+source/openjdk-lts"/>
    <property name="java.io.tmpdir" value="/tmp"/>
    <property name="java.version" value="11.0.13"/>
    <property name="user.dir" value="/home/ashley/Kestros/my-kestros-project/application"/>
    <property name="os.arch" value="amd64"/>
    <property name="java.vm.specification.name" value="Java Virtual Machine Specification"/>
    <property name="java.awt.printerjob" value="sun.print.PSPrinterJob"/>
    <property name="sun.os.patch.level" value="unknown"/>
    <property name="java.library.path" value="/usr/java/packages/lib:/usr/lib/x86_64-linux-gnu/jni:/lib/x86_64-linux-gnu:/usr/lib/x86_64-linux-gnu:/usr/lib/jni:/lib:/usr/lib"/>
    <property name="java.vm.info" value="mixed mode, sharing"/>
    <property name="java.vendor" value="Ubuntu"/>
    <property name="java.vm.version" value="11.0.13+8-Ubuntu-0ubuntu1.20.04"/>
    <property name="sun.io.unicode.encoding" value="UnicodeLittle"/>
    <property name="java.class.version" value="55.0"/>
  </properties>
  <testcase name="testGetSamplePropertyWhenValueNotSet" classname="com.my.group.drtamiproject.application.components.samplecomponent.SampleComponentTest" time="2.374"/>
  <testcase name="testGetSampleProperty" classname="com.my.group.drtamiproject.application.components.samplecomponent.SampleComponentTest" time="0.104"/>
  <testcase name="testGetSamplePropertyWhenValueIsEmpty" classname="com.my.group.drtamiproject.application.components.samplecomponent.SampleComponentTest" time="0.087"/>
</testsuite>